2018-06-24 11:53:49 INFO  JavaRushTasksProjectComponent.projectOpened(68) - ---------- Project JavaRushTasks opened ----------
2018-06-24 11:53:49 INFO  JavaRushTasksProjectComponent.projectOpened(69) - ---------- Version 3.18 ----------

2018-06-24 11:53:49 INFO  JavaRushTasksProjectComponent.setAutoscrolls(343) - Autoscrolls успешно установлены
2018-06-24 11:53:50 INFO  ApacheHttpClient.login(225) - Ожидание ответа сервера.
2018-06-24 11:53:50 INFO  ApacheHttpClient.login(229) - responseCode = 200
2018-06-24 11:53:50 INFO  ApacheHttpClient.login(260) - JSESSIONID=CC32B1DBDC335733BFA1C54C16D75C84
2018-06-24 11:53:50 INFO  ApacheHttpClient.refreshUserInfo(288) - responseCode = 200
2018-06-24 11:53:50 INFO  ApacheHttpClient.refreshUserInfo(294) - Информация о пользователе получена.
2018-06-24 11:53:50 INFO  ApacheHttpClient.startGA(31) - GAService запущен.
2018-06-24 11:53:50 INFO  AbstractRestApiClient.startService(70) - EventsService запущен.
2018-06-24 11:53:56 INFO  JavaRushTasksProjectComponent.projectClosing(165) - ---------- Project JavaRushTasks closed ----------

2018-06-24 11:54:56 INFO  JavaRushTasksProjectComponent.projectOpened(68) - ---------- Project JavaRushTasks opened ----------
2018-06-24 11:54:56 INFO  JavaRushTasksProjectComponent.projectOpened(69) - ---------- Version 3.18 ----------

2018-06-24 11:54:56 INFO  ApacheHttpClient.refreshUserInfo(288) - responseCode = 200
2018-06-24 11:54:56 INFO  ApacheHttpClient.refreshUserInfo(294) - Информация о пользователе получена.
2018-06-24 11:54:56 INFO  ApacheHttpClient.startGA(31) - GAService запущен.
2018-06-24 11:54:56 INFO  AbstractRestApiClient.startService(70) - EventsService запущен.
2018-06-24 11:55:24 ERROR StubProcessingHelperBase.error(118) - Stub index points to a file without PSI: com.intellij.openapi.fileTypes.UnknownFileType@2f310109, used scope Project and Libraries
java.lang.Throwable: Stub index points to a file without PSI: com.intellij.openapi.fileTypes.UnknownFileType@2f310109, used scope Project and Libraries
	at com.intellij.openapi.diagnostic.Logger.error(Logger.java:123)
	at com.intellij.psi.stubs.StubProcessingHelperBase.processStubsInFile(StubProcessingHelperBase.java:51)
	at com.intellij.psi.stubs.StubIndexImpl$2.process(StubIndexImpl.java:319)
	at com.intellij.psi.stubs.StubIndexImpl$StubIdListContainerAction.perform(StubIndexImpl.java:640)
	at com.intellij.psi.stubs.StubIndexImpl$StubIdListContainerAction.perform(StubIndexImpl.java:628)
	at com.intellij.util.indexing.ValueContainer.forEach(ValueContainer.java:61)
	at com.intellij.psi.stubs.StubIndexImpl.doProcessStubs(StubIndexImpl.java:348)
	at com.intellij.psi.stubs.StubIndexImpl.processElements(StubIndexImpl.java:310)
	at com.intellij.psi.stubs.StubIndex.getElements(StubIndex.java:145)
	at com.intellij.psi.stubs.StubIndex.getElements(StubIndex.java:134)
	at com.intellij.lang.properties.psi.PropertyKeyIndex.get(PropertyKeyIndex.java:47)
	at com.intellij.lang.properties.PropertiesImplUtil.findPropertiesByKey(PropertiesImplUtil.java:129)
	at com.intellij.codeInspection.unused.UnusedPropertyInspection.getWidestUseScope(UnusedPropertyInspection.java:71)
	at com.intellij.codeInspection.unused.UnusedPropertyInspection.isPropertyUsed(UnusedPropertyInspection.java:147)
	at com.intellij.codeInspection.unused.UnusedPropertyInspection.access$000(UnusedPropertyInspection.java:51)
	at com.intellij.codeInspection.unused.UnusedPropertyInspection$1.visitElement(UnusedPropertyInspection.java:101)
	at com.intellij.psi.impl.PsiElementBase.accept(PsiElementBase.java:274)
	at com.intellij.codeInspection.InspectionEngine.acceptElements(InspectionEngine.java:75)
	at com.intellij.codeInspection.InspectionEngine.createVisitorAndAcceptElements(InspectionEngine.java:63)
	at com.intellij.codeInsight.daemon.impl.LocalInspectionsPass.runToolOnElements(LocalInspectionsPass.java:278)
	at com.intellij.codeInsight.daemon.impl.LocalInspectionsPass.lambda$visitPriorityElementsAndInit$3(LocalInspectionsPass.java:246)
	at com.intellij.concurrency.ApplierCompleter.execAndForkSubTasks(ApplierCompleter.java:133)
	at com.intellij.openapi.application.impl.ApplicationImpl.tryRunReadAction(ApplicationImpl.java:1129)
	at com.intellij.concurrency.ApplierCompleter.lambda$wrapInReadActionAndIndicator$1(ApplierCompleter.java:105)
	at com.intellij.openapi.progress.impl.CoreProgressManager.registerIndicatorAndRun(CoreProgressManager.java:580)
	at com.intellij.openapi.progress.impl.CoreProgressManager.executeProcessUnderProgress(CoreProgressManager.java:525)
	at com.intellij.openapi.progress.impl.ProgressManagerImpl.executeProcessUnderProgress(ProgressManagerImpl.java:85)
	at com.intellij.concurrency.ApplierCompleter.wrapInReadActionAndIndicator(ApplierCompleter.java:116)
	at com.intellij.concurrency.ApplierCompleter.lambda$compute$0(ApplierCompleter.java:96)
	at com.intellij.openapi.application.impl.ReadMostlyRWLock.executeByImpatientReader(ReadMostlyRWLock.java:143)
	at com.intellij.openapi.application.impl.ApplicationImpl.executeByImpatientReader(ApplicationImpl.java:218)
	at com.intellij.concurrency.ApplierCompleter.compute(ApplierCompleter.java:96)
	at java.util.concurrent.CountedCompleter.exec(CountedCompleter.java:731)
	at java.util.concurrent.ForkJoinTask.doExec(ForkJoinTask.java:289)
	at java.util.concurrent.ForkJoinPool.helpComplete(ForkJoinPool.java:1870)
	at java.util.concurrent.ForkJoinPool.externalHelpComplete(ForkJoinPool.java:2467)
	at java.util.concurrent.ForkJoinTask.externalAwaitDone(ForkJoinTask.java:324)
	at java.util.concurrent.ForkJoinTask.doJoin(ForkJoinTask.java:391)
	at java.util.concurrent.ForkJoinTask.join(ForkJoinTask.java:719)
	at java.util.concurrent.ForkJoinPool.invoke(ForkJoinPool.java:2616)
	at com.intellij.concurrency.JobLauncherImpl.invokeConcurrentlyUnderProgress(JobLauncherImpl.java:65)
	at com.intellij.concurrency.JobLauncher.invokeConcurrentlyUnderProgress(JobLauncher.java:57)
	at com.intellij.codeInsight.daemon.impl.LocalInspectionsPass.visitPriorityElementsAndInit(LocalInspectionsPass.java:249)
	at com.intellij.codeInsight.daemon.impl.LocalInspectionsPass.inspect(LocalInspectionsPass.java:220)
	at com.intellij.codeInsight.daemon.impl.LocalInspectionsPass.collectInformationWithProgress(LocalInspectionsPass.java:121)
	at com.intellij.codeInsight.daemon.impl.ProgressableTextEditorHighlightingPass.doCollectInformation(ProgressableTextEditorHighlightingPass.java:83)
	at com.intellij.codeInsight.daemon.impl.DaemonCodeAnalyzerImpl.runMainPasses(DaemonCodeAnalyzerImpl.java:267)
	at com.intellij.openapi.vcs.impl.CodeSmellDetectorImpl.lambda$null$2(CodeSmellDetectorImpl.java:162)
	at com.intellij.openapi.project.DumbService.lambda$runReadActionInSmartMode$1(DumbService.java:123)
	at com.intellij.openapi.application.impl.ApplicationImpl.runReadAction(ApplicationImpl.java:931)
	at com.intellij.openapi.application.ReadAction.compute(ReadAction.java:47)
	at com.intellij.openapi.project.DumbService.runReadActionInSmartMode(DumbService.java:116)
	at com.intellij.openapi.vcs.impl.CodeSmellDetectorImpl.lambda$findCodeSmells$3(CodeSmellDetectorImpl.java:156)
	at com.intellij.openapi.progress.impl.CoreProgressManager.lambda$runProcess$1(CoreProgressManager.java:157)
	at com.intellij.openapi.progress.impl.CoreProgressManager.registerIndicatorAndRun(CoreProgressManager.java:580)
	at com.intellij.openapi.progress.impl.CoreProgressManager.executeProcessUnderProgress(CoreProgressManager.java:525)
	at com.intellij.openapi.progress.impl.ProgressManagerImpl.executeProcessUnderProgress(ProgressManagerImpl.java:85)
	at com.intellij.openapi.progress.impl.CoreProgressManager.runProcess(CoreProgressManager.java:144)
	at com.intellij.openapi.vcs.impl.CodeSmellDetectorImpl.findCodeSmells(CodeSmellDetectorImpl.java:156)
	at com.intellij.openapi.vcs.impl.CodeSmellDetectorImpl.access$000(CodeSmellDetectorImpl.java:58)
	at com.intellij.openapi.vcs.impl.CodeSmellDetectorImpl$1.run(CodeSmellDetectorImpl.java:124)
	at com.intellij.openapi.progress.impl.CoreProgressManager$TaskRunnable.run(CoreProgressManager.java:750)
	at com.intellij.openapi.progress.impl.CoreProgressManager$5.run(CoreProgressManager.java:434)
	at com.intellij.openapi.progress.impl.CoreProgressManager.lambda$runProcess$1(CoreProgressManager.java:157)
	at com.intellij.openapi.progress.impl.CoreProgressManager.registerIndicatorAndRun(CoreProgressManager.java:580)
	at com.intellij.openapi.progress.impl.CoreProgressManager.executeProcessUnderProgress(CoreProgressManager.java:525)
	at com.intellij.openapi.progress.impl.ProgressManagerImpl.executeProcessUnderProgress(ProgressManagerImpl.java:85)
	at com.intellij.openapi.progress.impl.CoreProgressManager.runProcess(CoreProgressManager.java:144)
	at com.intellij.openapi.application.impl.ApplicationImpl.lambda$null$10(ApplicationImpl.java:565)
	at com.intellij.openapi.application.impl.ApplicationImpl$1.run(ApplicationImpl.java:305)
	at java.util.concurrent.Executors$RunnableAdapter.call(Executors.java:511)
	at java.util.concurrent.FutureTask.run(FutureTask.java:266)
	at java.util.concurrent.ThreadPoolExecutor.runWorker(ThreadPoolExecutor.java:1142)
	at java.util.concurrent.ThreadPoolExecutor$Worker.run(ThreadPoolExecutor.java:617)
	at java.lang.Thread.run(Thread.java:745)
2018-06-24 11:55:24 ERROR StubProcessingHelperBase.logErrorHeader(126) - IntelliJ IDEA 2018.1  Build #IU-181.4203.550
2018-06-24 11:55:24 ERROR StubProcessingHelperBase.logErrorHeader(133) - JDK: 1.8.0_152-release
2018-06-24 11:55:24 ERROR StubProcessingHelperBase.logErrorHeader(134) - VM: OpenJDK 64-Bit Server VM
2018-06-24 11:55:24 ERROR StubProcessingHelperBase.logErrorHeader(135) - Vendor: JetBrains s.r.o
2018-06-24 11:55:24 ERROR StubProcessingHelperBase.logErrorHeader(136) - OS: Windows 10
2018-06-24 11:55:24 ERROR StubProcessingHelperBase.logErrorHeader(142) - Last Action: CheckinProject
